#-----------------------------------------------------------
# Vivado v2016.4 (64-bit)
# SW Build 1756540 on Mon Jan 23 19:11:19 MST 2017
# IP Build 1755317 on Mon Jan 23 20:30:07 MST 2017
# Start of session at: Tue Jul 17 12:07:19 2018
# Process ID: 3761
# Current directory: /root/NetFPGA-SUME-live/lib/hw/std/cores/identifier_v1_0_0
# Command line: vivado -mode tcl -source nf_identifier.tcl
# Log file: /root/NetFPGA-SUME-live/lib/hw/std/cores/identifier_v1_0_0/vivado.log
# Journal file: /root/NetFPGA-SUME-live/lib/hw/std/cores/identifier_v1_0_0/vivado.jou
#-----------------------------------------------------------
source nf_identifier.tcl
# set design		 nf_identifier 
# set device		 xc7vx690tffg1761-3
# set proj_dir		 ./ip_proj
# set repo_dir		 ../
# set top_module_name      ${design}
# set ip_version		 1.00
# set lib_name		 NetFPGA
# create_project -name ${design} -force -dir "./${proj_dir}" -part ${device} 
# set_property source_mgmt_mode All [current_project]  
# set_property top ${top_module_name} [current_fileset]
# set_property ip_repo_paths $repo_dir [current_fileset]
# update_ip_catalog
INFO: [IP_Flow 19-234] Refreshing IP repositories
INFO: [IP_Flow 19-1700] Loaded user IP repository '/root/NetFPGA-SUME-live/lib/hw/std/cores'.
WARNING: [IP_Flow 19-3656] If you move the project, the path for repository '/root/NetFPGA-SUME-live/lib/hw/std/cores' may become invalid. A better location for the repository would be in a path adjacent to the project. (Current project location is '/root/NetFPGA-SUME-live/lib/hw/std/cores/identifier_v1_0_0/ip_proj'.)
INFO: [IP_Flow 19-2313] Loaded Vivado IP repository '/opt/Xilinx/Vivado/2016.4/data/ip'.
# read_verilog "./hdl/nf_identifier.v"
# update_compile_order -fileset sources_1
# ipx::package_project
WARNING: [IP_Flow 19-3899] Cannot get the environment domain name variable for the component vendor name. Setting the vendor name to 'user.org'.
INFO: [IP_Flow 19-2228] Inferred bus interface 'S_AXI' of definition 'xilinx.com:interface:aximm:1.0'.
INFO: [IP_Flow 19-4753] Inferred signal 'reset' from port 'S_AXI_ARESETN' as interface 'S_AXI_ARESETN'.
INFO: [IP_Flow 19-4728] Bus Interface 'S_AXI_ARESETN': Added interface parameter 'POLARITY' with value 'ACTIVE_LOW'.
INFO: [IP_Flow 19-4753] Inferred signal 'clock' from port 'S_AXI_ACLK' as interface 'S_AXI_ACLK'.
INFO: [IP_Flow 19-4728] Bus Interface 'S_AXI_ACLK': Added interface parameter 'ASSOCIATED_BUSIF' with value 'S_AXI'.
INFO: [IP_Flow 19-4728] Bus Interface 'S_AXI_ACLK': Added interface parameter 'ASSOCIATED_RESET' with value 'S_AXI_ARESETN'.
# set_property name ${design} [ipx::current_core]
# set_property vendor {NetFPGA} [ipx::current_core]
# set_property library ${lib_name} [ipx::current_core]
# set_property version ${ip_version} [ipx::current_core]
# set_property display_name ${design} [ipx::current_core]
# set_property description ${design} [ipx::current_core]
# set_property taxonomy {{/NetFPGA/Data_Path}} [ipx::current_core]
# set_property vendor_display_name {NetFPGA} [ipx::current_core]
# set_property company_url {www.netfpga.org} [ipx::current_core]
# set_property supported_families {{virtex7} {Production}} [ipx::current_core]
# ipx::infer_user_parameters [ipx::current_core]
# ipx::remove_bus_interface S_AXI_signal_reset [ipx::current_core]
# ipx::remove_bus_interface S_AXI_signal_clock [ipx::current_core]
# update_compile_order -fileset sources_1
# update_compile_order -fileset sim_1
# ipx::merge_project_changes files [ipx::current_core]
# ipx::check_integrity [ipx::current_core]
INFO: [IP_Flow 19-861] XGUI layout file basename "xgui/nf_identifier_v1_0.tcl" does not have the current IP <name>_v<version> format. If the IP name or version was changed recently, recreate this file to update the file format.
INFO: [IP_Flow 19-3479] User Parameter 'C_S_AXI_ADDR_WIDTH (C S Axi Addr Width)': The long integer parameter is not bounded by any range or validation values.
INFO: [IP_Flow 19-3479] User Parameter 'C_S_AXI_DATA_WIDTH (C S Axi Data Width)': The long integer parameter is not bounded by any range or validation values.
WARNING: [IP_Flow 19-3238] Range of address space is set to a full 4G (Address Block 'reg0' of Memory Map 'S_AXI').  Consider reducing this by setting the range of the address block to a lower number, or alternatively reduce the number of bits on the address line in your HDL's top level file interface.
INFO: [IP_Flow 19-2181] Payment Required is not set for this core.
INFO: [IP_Flow 19-2187] The Product Guide file is missing.
# ipx::save_core [ipx::current_core]
# close_project
# exit
INFO: [Common 17-206] Exiting Vivado at Tue Jul 17 12:07:27 2018...
