#-----------------------------------------------------------
# Vivado v2016.4 (64-bit)
# SW Build 1756540 on Mon Jan 23 19:11:19 MST 2017
# IP Build 1755317 on Mon Jan 23 20:30:07 MST 2017
# Start of session at: Tue Jul 17 12:06:41 2018
# Process ID: 3564
# Current directory: /root/NetFPGA-SUME-live/lib/hw/std/cores/barrier_v1_0_0
# Command line: vivado -mode batch -source barrier.tcl
# Log file: /root/NetFPGA-SUME-live/lib/hw/std/cores/barrier_v1_0_0/vivado.log
# Journal file: /root/NetFPGA-SUME-live/lib/hw/std/cores/barrier_v1_0_0/vivado.jou
#-----------------------------------------------------------
source barrier.tcl
# set design        barrier
# set device        xc7vx690t-3-ffg1761
# set proj_dir      ./ip_proj
# set ip_version    1.00
# set lib_name      NetFPGA
# create_project -name ${design} -force -dir "./${proj_dir}" -part ${device} -ip
# set_property source_mgmt_mode All [current_project]  
# set_property top ${design} [current_fileset]
# set_property ip_repo_paths $::env(SUME_FOLDER)/lib/hw/  [current_fileset]
# update_ip_catalog
INFO: [IP_Flow 19-234] Refreshing IP repositories
INFO: [IP_Flow 19-1700] Loaded user IP repository '/root/NetFPGA-SUME-live/lib/hw'.
WARNING: [IP_Flow 19-3656] If you move the project, the path for repository '/root/NetFPGA-SUME-live/lib/hw' may become invalid. A better location for the repository would be in a path adjacent to the project. (Current project location is '/root/NetFPGA-SUME-live/lib/hw/std/cores/barrier_v1_0_0/ip_proj'.)
INFO: [IP_Flow 19-2313] Loaded Vivado IP repository '/opt/Xilinx/Vivado/2016.4/data/ip'.
# read_verilog "./hdl/barrier.v" 
# update_compile_order -fileset sources_1
# update_compile_order -fileset sim_1
# ipx::package_project
WARNING: [IP_Flow 19-3899] Cannot get the environment domain name variable for the component vendor name. Setting the vendor name to 'user.org'.
# set_property name ${design} [ipx::current_core]
# set_property library ${lib_name} [ipx::current_core]
# set_property vendor_display_name {NetFPGA} [ipx::current_core]
# set_property company_url {www.netfpga.org} [ipx::current_core]
# set_property vendor {NetFPGA} [ipx::current_core]
# set_property supported_families {{virtex7} {Production}} [ipx::current_core]
# set_property taxonomy {{/NetFPGA/Generic}} [ipx::current_core]
# set_property version ${ip_version} [ipx::current_core]
# set_property display_name ${design} [ipx::current_core]
# set_property description ${design} [ipx::current_core]
# update_ip_catalog -rebuild 
INFO: [IP_Flow 19-234] Refreshing IP repositories
INFO: [IP_Flow 19-1700] Loaded user IP repository '/root/NetFPGA-SUME-live/lib/hw'.
WARNING: [IP_Flow 19-3656] If you move the project, the path for repository '/root/NetFPGA-SUME-live/lib/hw' may become invalid. A better location for the repository would be in a path adjacent to the project. (Current project location is '/root/NetFPGA-SUME-live/lib/hw/std/cores/barrier_v1_0_0/ip_proj'.)
# ipx::infer_user_parameters [ipx::current_core]
# ipx::check_integrity [ipx::current_core]
INFO: [IP_Flow 19-861] XGUI layout file basename "xgui/barrier_v1_0.tcl" does not have the current IP <name>_v<version> format. If the IP name or version was changed recently, recreate this file to update the file format.
INFO: [IP_Flow 19-3479] User Parameter 'NUM_PORTS (Num Ports)': The long integer parameter is not bounded by any range or validation values.
INFO: [IP_Flow 19-3479] User Parameter 'INACTIVITY_TIMEOUT (Inactivity Timeout)': The long integer parameter is not bounded by any range or validation values.
INFO: [IP_Flow 19-2181] Payment Required is not set for this core.
INFO: [IP_Flow 19-2187] The Product Guide file is missing.
# ipx::save_core [ipx::current_core]
# update_ip_catalog
INFO: [IP_Flow 19-1839] IP Catalog is up to date.
# close_project
INFO: [Common 17-206] Exiting Vivado at Tue Jul 17 12:06:48 2018...
